;  LST file generated by mikroListExporter - v.2.0 
; Date/Time: 24/11/2025 08:08:51 p. m.
;----------------------------------------------

;Address Opcode 	ASM
0x0000	0x2816      	GOTO       22
_____DoICP:
;__Lib_System.c,6 :: 		
;__Lib_System.c,9 :: 		
0x0003	0x1283      	BCF        STATUS, 5
0x0004	0x1303      	BCF        STATUS, 6
0x0005	0x0829      	MOVF       ___DoICPAddr+1, 0
0x0006	0x008A      	MOVWF      PCLATH
;__Lib_System.c,10 :: 		
0x0007	0x0828      	MOVF       ___DoICPAddr, 0
0x0008	0x0082      	MOVWF      PCL
;__Lib_System.c,12 :: 		
L_end_____DoICP:
0x0009	0x0008      	RETURN
; end of _____DoICP
___CC2DW:
;__Lib_System.c,134 :: 		
;__Lib_System.c,137 :: 		
_CC2D_Loop1:
;__Lib_System.c,139 :: 		
0x000A	0x2003      	CALL       _____DoICP
0x000B	0x118A      	BCF        PCLATH, 3
0x000C	0x120A      	BCF        PCLATH, 4
;__Lib_System.c,141 :: 		
0x000D	0x0080      	MOVWF      INDF
;__Lib_System.c,142 :: 		
0x000E	0x0A84      	INCF       FSR, 1
;__Lib_System.c,143 :: 		
0x000F	0x0AA8      	INCF       ___DoICPAddr, 1
;__Lib_System.c,145 :: 		
0x0010	0x1903      	BTFSC      STATUS, 2
;__Lib_System.c,146 :: 		
0x0011	0x0AA9      	INCF       ___DoICPAddr+1, 1
;__Lib_System.c,147 :: 		
0x0012	0x03F0      	DECF       R0, 1
;__Lib_System.c,149 :: 		
0x0013	0x1D03      	BTFSS      STATUS, 2
;__Lib_System.c,150 :: 		
0x0014	0x280A      	GOTO       _CC2D_Loop1
;__Lib_System.c,152 :: 		
L_end___CC2DW:
0x0015	0x0008      	RETURN
; end of ___CC2DW
_main:
0x0016	0x3001      	MOVLW      1
0x0017	0x1283      	BCF        STATUS, 5
0x0018	0x1303      	BCF        STATUS, 6
0x0019	0x00A0      	MOVWF      _PORT_COL
0x001A	0x3002      	MOVLW      2
0x001B	0x00A1      	MOVWF      33
0x001C	0x3004      	MOVLW      4
0x001D	0x00A2      	MOVWF      34
0x001E	0x3008      	MOVLW      8
0x001F	0x00A3      	MOVWF      35
0x0020	0x3010      	MOVLW      16
0x0021	0x00A4      	MOVWF      36
0x0022	0x3020      	MOVLW      32
0x0023	0x00A5      	MOVWF      37
0x0024	0x3040      	MOVLW      64
0x0025	0x00A6      	MOVWF      38
0x0026	0x3080      	MOVLW      128
0x0027	0x00A7      	MOVWF      39
;BP.c,62 :: 		void main() {
;BP.c,65 :: 		TRISC = 0x00;   // Salida para datos de filas
0x0028	0x1683      	BSF        STATUS, 5
0x0029	0x0187      	CLRF       TRISC
;BP.c,66 :: 		TRISD = 0x00;   // Salida para columnas
0x002A	0x0188      	CLRF       TRISD
;BP.c,67 :: 		ANSEL = 0x00;   // Desactivar entradas analógicas
0x002B	0x1703      	BSF        STATUS, 6
0x002C	0x0188      	CLRF       ANSEL
;BP.c,68 :: 		ANSELH = 0x00;
0x002D	0x0189      	CLRF       ANSELH
;BP.c,69 :: 		PORTC = 0x00;
0x002E	0x1283      	BCF        STATUS, 5
0x002F	0x1303      	BCF        STATUS, 6
0x0030	0x0187      	CLRF       PORTC
;BP.c,70 :: 		PORTD = 0x00;
0x0031	0x0188      	CLRF       PORTD
;BP.c,72 :: 		while (1) {
L_main0:
;BP.c,75 :: 		for (i = 0; i < 168; i++) {
0x0032	0x01AA      	CLRF       _i
0x0033	0x01AB      	CLRF       _i+1
L_main2:
0x0034	0x3080      	MOVLW      128
0x0035	0x062B      	XORWF      _i+1, 0
0x0036	0x00F0      	MOVWF      R0
0x0037	0x3080      	MOVLW      128
0x0038	0x0270      	SUBWF      R0, 0
0x0039	0x1D03      	BTFSS      STATUS, 2
0x003A	0x283D      	GOTO       L__main14
0x003B	0x30A8      	MOVLW      168
0x003C	0x022A      	SUBWF      _i, 0
L__main14:
0x003D	0x1803      	BTFSC      STATUS, 0
0x003E	0x288B      	GOTO       L_main3
;BP.c,78 :: 		for (k = 0; k < 25; k++) {
0x003F	0x01AC      	CLRF       _k
0x0040	0x01AD      	CLRF       _k+1
L_main5:
0x0041	0x3080      	MOVLW      128
0x0042	0x062D      	XORWF      _k+1, 0
0x0043	0x00F0      	MOVWF      R0
0x0044	0x3080      	MOVLW      128
0x0045	0x0270      	SUBWF      R0, 0
0x0046	0x1D03      	BTFSS      STATUS, 2
0x0047	0x284A      	GOTO       L__main15
0x0048	0x3019      	MOVLW      25
0x0049	0x022C      	SUBWF      _k, 0
L__main15:
0x004A	0x1803      	BTFSC      STATUS, 0
0x004B	0x2887      	GOTO       L_main6
;BP.c,81 :: 		for (j = 0; j < 8; j++) {
0x004C	0x01AE      	CLRF       _j
0x004D	0x01AF      	CLRF       _j+1
L_main8:
0x004E	0x3080      	MOVLW      128
0x004F	0x062F      	XORWF      _j+1, 0
0x0050	0x00F0      	MOVWF      R0
0x0051	0x3080      	MOVLW      128
0x0052	0x0270      	SUBWF      R0, 0
0x0053	0x1D03      	BTFSS      STATUS, 2
0x0054	0x2857      	GOTO       L__main16
0x0055	0x3008      	MOVLW      8
0x0056	0x022E      	SUBWF      _j, 0
L__main16:
0x0057	0x1803      	BTFSC      STATUS, 0
0x0058	0x2883      	GOTO       L_main9
;BP.c,84 :: 		PORTD = ~PORT_COL[j];
0x0059	0x082E      	MOVF       _j, 0
0x005A	0x3E20      	ADDLW      _PORT_COL
0x005B	0x0084      	MOVWF      FSR
0x005C	0x0900      	COMF       INDF, 0
0x005D	0x0088      	MOVWF      PORTD
;BP.c,87 :: 		PORTC = MENSAJE[i + j];
0x005E	0x082E      	MOVF       _j, 0
0x005F	0x072A      	ADDWF      _i, 0
0x0060	0x00F0      	MOVWF      R0
0x0061	0x082B      	MOVF       _i+1, 0
0x0062	0x1803      	BTFSC      STATUS, 0
0x0063	0x3E01      	ADDLW      1
0x0064	0x072F      	ADDWF      _j+1, 0
0x0065	0x00F1      	MOVWF      R0+1
0x0066	0x309B      	MOVLW      _MENSAJE
0x0067	0x07F0      	ADDWF      R0, 1
0x0068	0x3000      	MOVLW      hi_addr(_MENSAJE)
0x0069	0x1803      	BTFSC      STATUS, 0
0x006A	0x3E01      	ADDLW      1
0x006B	0x07F1      	ADDWF      R0+1, 1
0x006C	0x0870      	MOVF       R0, 0
0x006D	0x00A8      	MOVWF      ___DoICPAddr
0x006E	0x0871      	MOVF       R0+1, 0
0x006F	0x00A9      	MOVWF      ___DoICPAddr+1
0x0070	0x2003      	CALL       _____DoICP
0x0071	0x118A      	BCF        PCLATH, 3
0x0072	0x120A      	BCF        PCLATH, 4
0x0073	0x0087      	MOVWF      PORTC
;BP.c,89 :: 		delay_ms(1);
0x0074	0x3003      	MOVLW      3
0x0075	0x00FC      	MOVWF      R12
0x0076	0x3097      	MOVLW      151
0x0077	0x00FD      	MOVWF      R13
L_main11:
0x0078	0x0BFD      	DECFSZ     R13, 1
0x0079	0x2878      	GOTO       L_main11
0x007A	0x0BFC      	DECFSZ     R12, 1
0x007B	0x2878      	GOTO       L_main11
0x007C	0x0000      	NOP
0x007D	0x0000      	NOP
;BP.c,92 :: 		PORTC = 0x00;
0x007E	0x0187      	CLRF       PORTC
;BP.c,81 :: 		for (j = 0; j < 8; j++) {
0x007F	0x0AAE      	INCF       _j, 1
0x0080	0x1903      	BTFSC      STATUS, 2
0x0081	0x0AAF      	INCF       _j+1, 1
;BP.c,93 :: 		}
0x0082	0x284E      	GOTO       L_main8
L_main9:
;BP.c,78 :: 		for (k = 0; k < 25; k++) {
0x0083	0x0AAC      	INCF       _k, 1
0x0084	0x1903      	BTFSC      STATUS, 2
0x0085	0x0AAD      	INCF       _k+1, 1
;BP.c,94 :: 		}
0x0086	0x2841      	GOTO       L_main5
L_main6:
;BP.c,75 :: 		for (i = 0; i < 168; i++) {
0x0087	0x0AAA      	INCF       _i, 1
0x0088	0x1903      	BTFSC      STATUS, 2
0x0089	0x0AAB      	INCF       _i+1, 1
;BP.c,95 :: 		}
0x008A	0x2834      	GOTO       L_main2
L_main3:
;BP.c,97 :: 		delay_ms(500);
0x008B	0x3006      	MOVLW      6
0x008C	0x00FB      	MOVWF      R11
0x008D	0x3013      	MOVLW      19
0x008E	0x00FC      	MOVWF      R12
0x008F	0x30AD      	MOVLW      173
0x0090	0x00FD      	MOVWF      R13
L_main12:
0x0091	0x0BFD      	DECFSZ     R13, 1
0x0092	0x2891      	GOTO       L_main12
0x0093	0x0BFC      	DECFSZ     R12, 1
0x0094	0x2891      	GOTO       L_main12
0x0095	0x0BFB      	DECFSZ     R11, 1
0x0096	0x2891      	GOTO       L_main12
0x0097	0x0000      	NOP
0x0098	0x0000      	NOP
;BP.c,98 :: 		}
0x0099	0x2832      	GOTO       L_main0
;BP.c,99 :: 		}
L_end_main:
0x009A	0x289A      	GOTO       $+0
; end of _main
;BP.c,15 :: _MENSAJE
0x009B	0x347E ;_MENSAJE+0
0x009C	0x3442 ;_MENSAJE+1
0x009D	0x3442 ;_MENSAJE+2
0x009E	0x3442 ;_MENSAJE+3
0x009F	0x3442 ;_MENSAJE+4
0x00A0	0x3424 ;_MENSAJE+5
0x00A1	0x3400 ;_MENSAJE+6
0x00A2	0x3400 ;_MENSAJE+7
0x00A3	0x347E ;_MENSAJE+8
0x00A4	0x3440 ;_MENSAJE+9
0x00A5	0x3440 ;_MENSAJE+10
0x00A6	0x3440 ;_MENSAJE+11
0x00A7	0x3440 ;_MENSAJE+12
0x00A8	0x3400 ;_MENSAJE+13
0x00A9	0x3400 ;_MENSAJE+14
0x00AA	0x3400 ;_MENSAJE+15
0x00AB	0x347E ;_MENSAJE+16
0x00AC	0x3412 ;_MENSAJE+17
0x00AD	0x3412 ;_MENSAJE+18
0x00AE	0x3412 ;_MENSAJE+19
0x00AF	0x3412 ;_MENSAJE+20
0x00B0	0x347E ;_MENSAJE+21
0x00B1	0x3400 ;_MENSAJE+22
0x00B2	0x3400 ;_MENSAJE+23
0x00B3	0x343C ;_MENSAJE+24
0x00B4	0x3442 ;_MENSAJE+25
0x00B5	0x3442 ;_MENSAJE+26
0x00B6	0x3442 ;_MENSAJE+27
0x00B7	0x3442 ;_MENSAJE+28
0x00B8	0x3424 ;_MENSAJE+29
0x00B9	0x3400 ;_MENSAJE+30
0x00BA	0x3400 ;_MENSAJE+31
0x00BB	0x347E ;_MENSAJE+32
0x00BC	0x3410 ;_MENSAJE+33
0x00BD	0x3428 ;_MENSAJE+34
0x00BE	0x3444 ;_MENSAJE+35
0x00BF	0x3482 ;_MENSAJE+36
0x00C0	0x3400 ;_MENSAJE+37
0x00C1	0x3400 ;_MENSAJE+38
0x00C2	0x3400 ;_MENSAJE+39
0x00C3	0x347E ;_MENSAJE+40
0x00C4	0x3412 ;_MENSAJE+41
0x00C5	0x3412 ;_MENSAJE+42
0x00C6	0x3412 ;_MENSAJE+43
0x00C7	0x340C ;_MENSAJE+44
0x00C8	0x3400 ;_MENSAJE+45
0x00C9	0x3400 ;_MENSAJE+46
0x00CA	0x3400 ;_MENSAJE+47
0x00CB	0x3400 ;_MENSAJE+48
0x00CC	0x3442 ;_MENSAJE+49
0x00CD	0x347E ;_MENSAJE+50
0x00CE	0x347E ;_MENSAJE+51
0x00CF	0x3442 ;_MENSAJE+52
0x00D0	0x3400 ;_MENSAJE+53
0x00D1	0x3400 ;_MENSAJE+54
0x00D2	0x3400 ;_MENSAJE+55
0x00D3	0x347E ;_MENSAJE+56
0x00D4	0x3404 ;_MENSAJE+57
0x00D5	0x3408 ;_MENSAJE+58
0x00D6	0x3410 ;_MENSAJE+59
0x00D7	0x3420 ;_MENSAJE+60
0x00D8	0x347E ;_MENSAJE+61
0x00D9	0x3400 ;_MENSAJE+62
0x00DA	0x3400 ;_MENSAJE+63
0x00DB	0x347E ;_MENSAJE+64
0x00DC	0x3410 ;_MENSAJE+65
0x00DD	0x3428 ;_MENSAJE+66
0x00DE	0x3444 ;_MENSAJE+67
0x00DF	0x3482 ;_MENSAJE+68
0x00E0	0x3400 ;_MENSAJE+69
0x00E1	0x3400 ;_MENSAJE+70
0x00E2	0x3400 ;_MENSAJE+71
0x00E3	0x3400 ;_MENSAJE+72
0x00E4	0x3400 ;_MENSAJE+73
0x00E5	0x3400 ;_MENSAJE+74
0x00E6	0x3400 ;_MENSAJE+75
0x00E7	0x3400 ;_MENSAJE+76
0x00E8	0x3400 ;_MENSAJE+77
0x00E9	0x3400 ;_MENSAJE+78
0x00EA	0x3400 ;_MENSAJE+79
0x00EB	0x3400 ;_MENSAJE+80
0x00EC	0x3442 ;_MENSAJE+81
0x00ED	0x347E ;_MENSAJE+82
0x00EE	0x347E ;_MENSAJE+83
0x00EF	0x3442 ;_MENSAJE+84
0x00F0	0x3400 ;_MENSAJE+85
0x00F1	0x3400 ;_MENSAJE+86
0x00F2	0x3400 ;_MENSAJE+87
0x00F3	0x347E ;_MENSAJE+88
0x00F4	0x3404 ;_MENSAJE+89
0x00F5	0x3408 ;_MENSAJE+90
0x00F6	0x3410 ;_MENSAJE+91
0x00F7	0x3420 ;_MENSAJE+92
0x00F8	0x347E ;_MENSAJE+93
0x00F9	0x3400 ;_MENSAJE+94
0x00FA	0x3400 ;_MENSAJE+95
0x00FB	0x3400 ;_MENSAJE+96
0x00FC	0x3400 ;_MENSAJE+97
0x00FD	0x3400 ;_MENSAJE+98
0x00FE	0x3400 ;_MENSAJE+99
0x00FF	0x3400 ;_MENSAJE+100
0x0100	0x3400 ;_MENSAJE+101
0x0101	0x3400 ;_MENSAJE+102
0x0102	0x3400 ;_MENSAJE+103
0x0103	0x3402 ;_MENSAJE+104
0x0104	0x3404 ;_MENSAJE+105
0x0105	0x3478 ;_MENSAJE+106
0x0106	0x3478 ;_MENSAJE+107
0x0107	0x3404 ;_MENSAJE+108
0x0108	0x3402 ;_MENSAJE+109
0x0109	0x3400 ;_MENSAJE+110
0x010A	0x3400 ;_MENSAJE+111
0x010B	0x343C ;_MENSAJE+112
0x010C	0x3442 ;_MENSAJE+113
0x010D	0x3442 ;_MENSAJE+114
0x010E	0x3442 ;_MENSAJE+115
0x010F	0x3442 ;_MENSAJE+116
0x0110	0x343C ;_MENSAJE+117
0x0111	0x3400 ;_MENSAJE+118
0x0112	0x3400 ;_MENSAJE+119
0x0113	0x343E ;_MENSAJE+120
0x0114	0x3440 ;_MENSAJE+121
0x0115	0x3440 ;_MENSAJE+122
0x0116	0x3440 ;_MENSAJE+123
0x0117	0x3440 ;_MENSAJE+124
0x0118	0x343E ;_MENSAJE+125
0x0119	0x3400 ;_MENSAJE+126
0x011A	0x3400 ;_MENSAJE+127
0x011B	0x347E ;_MENSAJE+128
0x011C	0x3412 ;_MENSAJE+129
0x011D	0x3412 ;_MENSAJE+130
0x011E	0x3432 ;_MENSAJE+131
0x011F	0x345C ;_MENSAJE+132
0x0120	0x3400 ;_MENSAJE+133
0x0121	0x3400 ;_MENSAJE+134
0x0122	0x3400 ;_MENSAJE+135
0x0123	0x3400 ;_MENSAJE+136
0x0124	0x3400 ;_MENSAJE+137
0x0125	0x3400 ;_MENSAJE+138
0x0126	0x3400 ;_MENSAJE+139
0x0127	0x3400 ;_MENSAJE+140
0x0128	0x3400 ;_MENSAJE+141
0x0129	0x3400 ;_MENSAJE+142
0x012A	0x3400 ;_MENSAJE+143
0x012B	0x347E ;_MENSAJE+144
0x012C	0x3412 ;_MENSAJE+145
0x012D	0x3412 ;_MENSAJE+146
0x012E	0x3412 ;_MENSAJE+147
0x012F	0x3412 ;_MENSAJE+148
0x0130	0x347E ;_MENSAJE+149
0x0131	0x3400 ;_MENSAJE+150
0x0132	0x3400 ;_MENSAJE+151
0x0133	0x347E ;_MENSAJE+152
0x0134	0x3412 ;_MENSAJE+153
0x0135	0x3412 ;_MENSAJE+154
0x0136	0x3432 ;_MENSAJE+155
0x0137	0x345C ;_MENSAJE+156
0x0138	0x3400 ;_MENSAJE+157
0x0139	0x3400 ;_MENSAJE+158
0x013A	0x3400 ;_MENSAJE+159
0x013B	0x347E ;_MENSAJE+160
0x013C	0x344A ;_MENSAJE+161
0x013D	0x344A ;_MENSAJE+162
0x013E	0x344A ;_MENSAJE+163
0x013F	0x3442 ;_MENSAJE+164
0x0140	0x3400 ;_MENSAJE+165
0x0141	0x3400 ;_MENSAJE+166
0x0142	0x3400 ;_MENSAJE+167
0x0143	0x347E ;_MENSAJE+168
0x0144	0x3412 ;_MENSAJE+169
0x0145	0x3412 ;_MENSAJE+170
0x0146	0x3412 ;_MENSAJE+171
0x0147	0x3412 ;_MENSAJE+172
0x0148	0x347E ;_MENSAJE+173
0x0149	0x3400 ;_MENSAJE+174
0x014A	0x3400 ;_MENSAJE+175
; end of _MENSAJE
Symbol List:
//** Routines locations **
//ADDRESS    SIZE    PROCEDURE
//----------------------------------------------
0x0003       [7]    _____DoICP
0x000A      [12]    ___CC2DW
0x0016     [133]    _main
//** Variables locations ** 
//ADDRESS    SIZE    VARIABLE
//----------------------------------------------
0x0000       [1]    INDF
0x0002       [1]    PCL
0x0003       [1]    STATUS
0x0004       [1]    FSR
0x0007       [1]    PORTC
0x0008       [1]    PORTD
0x000A       [1]    PCLATH
0x0020       [8]    _PORT_COL
0x0028       [2]    ___DoICPAddr
0x002A       [2]    _i
0x002C       [2]    _k
0x002E       [2]    _j
0x0070       [1]    R0
0x0071       [1]    R1
0x0072       [1]    R2
0x0073       [1]    R3
0x0074       [1]    R4
0x0075       [1]    R5
0x0076       [1]    R6
0x0077       [1]    R7
0x0078       [1]    R8
0x0079       [1]    R9
0x007A       [1]    R10
0x007B       [1]    R11
0x007C       [1]    R12
0x007D       [1]    R13
0x007E       [1]    R14
0x007F       [1]    R15
0x0087       [1]    TRISC
0x0088       [1]    TRISD
0x0188       [1]    ANSEL
0x0189       [1]    ANSELH
//** Constants locations ** 
//ADDRESS    SIZE    CONSTANT
//----------------------------------------------
0x009B     [176]    _MENSAJE
